<?xml version="1.0" encoding="UTF-8"?>
<testsuite name="Cart management on Sauce Demo" tests="3" skipped="0" failures="0" errors="0" timestamp="2026-05-25T07:22:56.150Z" hostname="DANIEL" time="20.308">
  <properties/>
  <testcase name="Failed login with invalid credentials" classname="Cart management on Sauce Demo" time="7.056"/>
  <testcase name="E2E cart happy path - add and remove items" classname="Cart management on Sauce Demo" time="8.167"/>
  <testcase name="Checkout blocked by empty shipping fields" classname="Cart management on Sauce Demo" time="5.083"/>
  <system-out><![CDATA[
@login-failure
Scenario Outline: Failed login with invalid credentials                                                             ?[90m# src/test/resources/features/gestion_carrito.feature:16?[0m
  ?[32mGiven ?[0m?[32mthe application is open?[0m                                                                                     ?[90m# co.edu.udea.certificacion.saucedemo.saucedemo.stepdefinitions.GestionCarritoStepDefinitions.the_application_is_open()?[0m
  ?[32mWhen ?[0m?[32mthe User attempts to login with username ?[0m?[32m?[1m"error_user"?[0m?[32m and password ?[0m?[32m?[1m"wrongpass"?[0m                               ?[90m# co.edu.udea.certificacion.saucedemo.saucedemo.stepdefinitions.GestionCarritoStepDefinitions.the_user_attempts_to_login(java.lang.String,java.lang.String)?[0m
  ?[32mThen ?[0m?[32mthe error message should contain ?[0m?[32m?[1m"Epic sadface: Username and password do not match any user in this service"?[0m ?[90m# co.edu.udea.certificacion.saucedemo.saucedemo.stepdefinitions.GestionCarritoStepDefinitions.the_error_message_should_contain(java.lang.String)?[0m

@happy-path @e2e
Scenario Outline: E2E cart happy path - add and remove items                       ?[90m# src/test/resources/features/gestion_carrito.feature:29?[0m
  ?[32mGiven ?[0m?[32mthe application is open?[0m                                                    ?[90m# co.edu.udea.certificacion.saucedemo.saucedemo.stepdefinitions.GestionCarritoStepDefinitions.the_application_is_open()?[0m
  ?[32mGiven ?[0m?[32mthe User logs in with username ?[0m?[32m?[1m"standard_user"?[0m?[32m and password ?[0m?[32m?[1m"secret_sauce"?[0m ?[90m# co.edu.udea.certificacion.saucedemo.saucedemo.stepdefinitions.GestionCarritoStepDefinitions.the_user_logs_in(java.lang.String,java.lang.String)?[0m
  ?[32mWhen ?[0m?[32mthe User adds the product ?[0m?[32m?[1m"Sauce Labs Backpack"?[0m?[32m to the cart?[0m                 ?[90m# co.edu.udea.certificacion.saucedemo.saucedemo.stepdefinitions.GestionCarritoStepDefinitions.the_user_adds_the_product_to_the_cart(java.lang.String)?[0m
  ?[32mAnd ?[0m?[32mthe User removes the product ?[0m?[32m?[1m"Sauce Labs Backpack"?[0m?[32m from the cart?[0m             ?[90m# co.edu.udea.certificacion.saucedemo.saucedemo.stepdefinitions.GestionCarritoStepDefinitions.the_user_removes_the_product_from_the_cart(java.lang.String)?[0m
  ?[32mAnd ?[0m?[32mthe User adds the product ?[0m?[32m?[1m"Sauce Labs Bike Light"?[0m?[32m to the cart?[0m                ?[90m# co.edu.udea.certificacion.saucedemo.saucedemo.stepdefinitions.GestionCarritoStepDefinitions.the_user_adds_the_product_to_the_cart(java.lang.String)?[0m
  ?[32mAnd ?[0m?[32mthe User adds the product ?[0m?[32m?[1m"Sauce Labs Bolt T-Shirt"?[0m?[32m to the cart?[0m              ?[90m# co.edu.udea.certificacion.saucedemo.saucedemo.stepdefinitions.GestionCarritoStepDefinitions.the_user_adds_the_product_to_the_cart(java.lang.String)?[0m
  ?[32mThen ?[0m?[32mthe cart badge should show ?[0m?[32m?[1m"2"?[0m                                              ?[90m# co.edu.udea.certificacion.saucedemo.saucedemo.stepdefinitions.GestionCarritoStepDefinitions.the_cart_badge_should_show(java.lang.String)?[0m

@checkout-failure
Scenario Outline: Checkout blocked by empty shipping fields                        ?[90m# src/test/resources/features/gestion_carrito.feature:39?[0m
  ?[32mGiven ?[0m?[32mthe application is open?[0m                                                    ?[90m# co.edu.udea.certificacion.saucedemo.saucedemo.stepdefinitions.GestionCarritoStepDefinitions.the_application_is_open()?[0m
  ?[32mGiven ?[0m?[32mthe User logs in with username ?[0m?[32m?[1m"standard_user"?[0m?[32m and password ?[0m?[32m?[1m"secret_sauce"?[0m ?[90m# co.edu.udea.certificacion.saucedemo.saucedemo.stepdefinitions.GestionCarritoStepDefinitions.the_user_logs_in(java.lang.String,java.lang.String)?[0m
  ?[32mWhen ?[0m?[32mthe User goes to checkout without providing shipping details?[0m                ?[90m# co.edu.udea.certificacion.saucedemo.saucedemo.stepdefinitions.GestionCarritoStepDefinitions.the_user_goes_to_checkout_without_providing_shipping_details()?[0m
  ?[32mThen ?[0m?[32mthe error message should contain ?[0m?[32m?[1m"First Name is required"?[0m                   ?[90m# co.edu.udea.certificacion.saucedemo.saucedemo.stepdefinitions.GestionCarritoStepDefinitions.the_error_message_should_contain(java.lang.String)?[0m
]]></system-out>
  <system-err><![CDATA[[Test worker] INFO  - 
  _____   ___   ___   _____     ___   _____     _     ___   _____   ___   ___  
 |_   _| | __| / __| |_   _|   / __| |_   _|   /_\   | _ \ |_   _| | __| |   \ 
   | |   | _|  \__ \   | |     \__ \   | |    / _ \  |   /   | |   | _|  | |) |
   |_|   |___| |___/   |_|     |___/   |_|   /_/ \_\ |_|_\   |_|   |___| |___/ 

Failed login with invalid credentials(cart-management-on-sauce-demo;failed-login-with-invalid-credentials)
--------------------------------------------------------------------------------
[Test worker] INFO net.serenitybdd.core.webdriver.driverproviders.ChromeDriverProvider - Starting Chrome driver instance with capabilities:
[Test worker] INFO net.serenitybdd.core.webdriver.driverproviders.ChromeDriverProvider - Capabilities {acceptInsecureCerts: true, browserName: chrome, goog:chromeOptions: {args: [--start-maximized, --test-type, --no-sandbox, --ignore-certificate-errors, \n                   --disa..., --disable-default-apps, --disable-extensions-file-a..., \n                   --inco..., --disable-infobars,--disabl..., --remote-allow-origins=*], extensions: [], prefs: {credentials_enable_service: false, profile.password_manager_enabled: false, profile.password_manager_leak_detection: false}}}
may 25, 2026 2:22:59 A. M. org.openqa.selenium.devtools.CdpVersionFinder findNearestMatch
WARNING: Unable to find CDP implementation matching 148
may 25, 2026 2:22:59 A. M. org.openqa.selenium.chromium.ChromiumDriver lambda$new$5
WARNING: Unable to find version of CDP to use for 148.0.7778.179. You may need to include a dependency on a specific version of the CDP using something similar to `org.seleniumhq.selenium:selenium-devtools-v86:4.16.1` where the version ("v86") matches the version of the chromium-based browser you're using and the version number of the artifact is the same as Selenium's.
[Test worker] INFO  - ?[92m
  _____   ___   ___   _____     ___     _     ___   ___   ___   ___  
 |_   _| | __| / __| |_   _|   | _ \   /_\   / __| / __| | __| |   \ 
   | |   | _|  \__ \   | |     |  _/  / _ \  \__ \ \__ \ | _|  | |) |
   |_|   |___| |___/   |_|     |_|   /_/ \_\ |___/ |___/ |___| |___/ 

Failed login with invalid credentials
----------------------------------------------------------------------?[0m
[Test worker] INFO  - 
  _____   ___   ___   _____     ___   _____     _     ___   _____   ___   ___  
 |_   _| | __| / __| |_   _|   / __| |_   _|   /_\   | _ \ |_   _| | __| |   \ 
   | |   | _|  \__ \   | |     \__ \   | |    / _ \  |   /   | |   | _|  | |) |
   |_|   |___| |___/   |_|     |___/   |_|   /_/ \_\ |_|_\   |_|   |___| |___/ 

E2E cart happy path - add and remove items(cart-management-on-sauce-demo;e2e-cart-happy-path---add-and-remove-items)
--------------------------------------------------------------------------------
[Test worker] INFO  - ?[92m
  _____   ___   ___   _____     ___     _     ___   ___   ___   ___  
 |_   _| | __| / __| |_   _|   | _ \   /_\   / __| / __| | __| |   \ 
   | |   | _|  \__ \   | |     |  _/  / _ \  \__ \ \__ \ | _|  | |) |
   |_|   |___| |___/   |_|     |_|   /_/ \_\ |___/ |___/ |___| |___/ 

E2E cart happy path - add and remove items
----------------------------------------------------------------------?[0m
[Test worker] INFO  - 
  _____   ___   ___   _____     ___   _____     _     ___   _____   ___   ___  
 |_   _| | __| / __| |_   _|   / __| |_   _|   /_\   | _ \ |_   _| | __| |   \ 
   | |   | _|  \__ \   | |     \__ \   | |    / _ \  |   /   | |   | _|  | |) |
   |_|   |___| |___/   |_|     |___/   |_|   /_/ \_\ |_|_\   |_|   |___| |___/ 

Checkout blocked by empty shipping fields(cart-management-on-sauce-demo;checkout-blocked-by-empty-shipping-fields)
--------------------------------------------------------------------------------
[Test worker] INFO  - ?[92m
  _____   ___   ___   _____     ___     _     ___   ___   ___   ___  
 |_   _| | __| / __| |_   _|   | _ \   /_\   / __| / __| | __| |   \ 
   | |   | _|  \__ \   | |     |  _/  / _ \  \__ \ \__ \ | _|  | |) |
   |_|   |___| |___/   |_|     |_|   /_/ \_\ |___/ |___/ |___| |___/ 

Checkout blocked by empty shipping fields
----------------------------------------------------------------------?[0m
]]></system-err>
</testsuite>
